<?xml version="1.0" encoding="UTF-8"?>
<!-- Generated by org.testng.reporters.JUnitReportReporter -->
<testsuite skipped="0" hostname="DESKTOP-6HTCB4G" name="org.some.Main_FlipKart" tests="1" failures="0" timestamp="18 Oct 2021 14:18:23 GMT" time="14.548" errors="0">
  <testcase name="test" time="14.548" classname="org.some.Main_FlipKart"/>
</testsuite> <!-- org.some.Main_FlipKart -->
